# JRE version: OpenJDK Runtime Environment (8.0_111-b14) (build 1.8.0_111-8u111-b14-3~14.04-b14)
# Java VM: OpenJDK 64-Bit Server VM (25.111-b14 mixed mode linux-amd64 compressed oops)
Heap:
 PSYoungGen      total 281088K, used 8992K [0x00000000d7200000, 0x00000000e9f00000, 0x0000000100000000)
  eden space 253952K, 0% used [0x00000000d7200000,0x00000000d7200000,0x00000000e6a00000)
  from space 27136K, 33% used [0x00000000e6a00000,0x00000000e72c8040,0x00000000e8480000)
  to   space 26624K, 0% used [0x00000000e8500000,0x00000000e8500000,0x00000000e9f00000)
 ParOldGen       total 84992K, used 47119K [0x0000000085600000, 0x000000008a900000, 0x00000000d7200000)
  object space 84992K, 55% used [0x0000000085600000,0x0000000088403f70,0x000000008a900000)
 Metaspace       used 13138K, capacity 13310K, committed 13440K, reserved 1060864K
  class space    used 1474K, capacity 1545K, committed 1664K, reserved 1048576K
GC Heap History (10 events):
Event: 0.720 GC heap after
Heap after GC invocations=2 (full 0):
 PSYoungGen      total 68608K, used 5110K [0x00000000d7200000, 0x00000000dba00000, 0x0000000100000000)
  eden space 63488K, 0% used [0x00000000d7200000,0x00000000d7200000,0x00000000db000000)
  from space 5120K, 99% used [0x00000000db500000,0x00000000db9fdab0,0x00000000dba00000)
  to   space 5120K, 0% used [0x00000000db000000,0x00000000db000000,0x00000000db500000)
 ParOldGen       total 84992K, used 12717K [0x0000000085600000, 0x000000008a900000, 0x00000000d7200000)
  object space 84992K, 14% used [0x0000000085600000,0x000000008626b500,0x000000008a900000)
 Metaspace       used 8750K, capacity 8926K, committed 8960K, reserved 1056768K
  class space    used 908K, capacity 1001K, committed 1024K, reserved 1048576K
}
Event: 1.140 GC heap before
{Heap before GC invocations=3 (full 0):
 PSYoungGen      total 68608K, used 68598K [0x00000000d7200000, 0x00000000dba00000, 0x0000000100000000)
  eden space 63488K, 100% used [0x00000000d7200000,0x00000000db000000,0x00000000db000000)
  from space 5120K, 99% used [0x00000000db500000,0x00000000db9fdab0,0x00000000dba00000)
  to   space 5120K, 0% used [0x00000000db000000,0x00000000db000000,0x00000000db500000)
 ParOldGen       total 84992K, used 12717K [0x0000000085600000, 0x000000008a900000, 0x00000000d7200000)
  object space 84992K, 14% used [0x0000000085600000,0x000000008626b500,0x000000008a900000)
 Metaspace       used 8919K, capacity 9118K, committed 9216K, reserved 1056768K
  class space    used 912K, capacity 1001K, committed 1024K, reserved 1048576K
Event: 1.194 GC heap after
Heap after GC invocations=3 (full 0):
 PSYoungGen      total 68608K, used 5094K [0x00000000d7200000, 0x00000000df800000, 0x0000000100000000)
  eden space 63488K, 0% used [0x00000000d7200000,0x00000000d7200000,0x00000000db000000)
  from space 5120K, 99% used [0x00000000db000000,0x00000000db4f9ab0,0x00000000db500000)
  to   space 5120K, 0% used [0x00000000df300000,0x00000000df300000,0x00000000df800000)
 ParOldGen       total 84992K, used 34613K [0x0000000085600000, 0x000000008a900000, 0x00000000d7200000)
  object space 84992K, 40% used [0x0000000085600000,0x00000000877cd4a0,0x000000008a900000)
 Metaspace       used 8919K, capacity 9118K, committed 9216K, reserved 1056768K
  class space    used 912K, capacity 1001K, committed 1024K, reserved 1048576K
}
Event: 1.876 GC heap before
{Heap before GC invocations=4 (full 0):
 PSYoungGen      total 68608K, used 68582K [0x00000000d7200000, 0x00000000df800000, 0x0000000100000000)
  eden space 63488K, 100% used [0x00000000d7200000,0x00000000db000000,0x00000000db000000)
  from space 5120K, 99% used [0x00000000db000000,0x00000000db4f9ab0,0x00000000db500000)
  to   space 5120K, 0% used [0x00000000df300000,0x00000000df300000,0x00000000df800000)
 ParOldGen       total 84992K, used 34613K [0x0000000085600000, 0x000000008a900000, 0x00000000d7200000)
  object space 84992K, 40% used [0x0000000085600000,0x00000000877cd4a0,0x000000008a900000)
 Metaspace       used 11775K, capacity 11998K, committed 12160K, reserved 1060864K
  class space    used 1295K, capacity 1385K, committed 1408K, reserved 1048576K
Event: 1.902 GC heap after
Heap after GC invocations=4 (full 0):
 PSYoungGen      total 132096K, used 5088K [0x00000000d7200000, 0x00000000df800000, 0x0000000100000000)
  eden space 126976K, 0% used [0x00000000d7200000,0x00000000d7200000,0x00000000dee00000)
  from space 5120K, 99% used [0x00000000df300000,0x00000000df7f8020,0x00000000df800000)
  to   space 5120K, 0% used [0x00000000dee00000,0x00000000dee00000,0x00000000df300000)
 ParOldGen       total 84992K, used 43080K [0x0000000085600000, 0x000000008a900000, 0x00000000d7200000)
  object space 84992K, 50% used [0x0000000085600000,0x0000000088012350,0x000000008a900000)
 Metaspace       used 11775K, capacity 11998K, committed 12160K, reserved 1060864K
  class space    used 1295K, capacity 1385K, committed 1408K, reserved 1048576K
}
Event: 2.274 GC heap before
{Heap before GC invocations=5 (full 0):
 PSYoungGen      total 132096K, used 132064K [0x00000000d7200000, 0x00000000df800000, 0x0000000100000000)
  eden space 126976K, 100% used [0x00000000d7200000,0x00000000dee00000,0x00000000dee00000)
  from space 5120K, 99% used [0x00000000df300000,0x00000000df7f8020,0x00000000df800000)
  to   space 5120K, 0% used [0x00000000dee00000,0x00000000dee00000,0x00000000df300000)
 ParOldGen       total 84992K, used 43080K [0x0000000085600000, 0x000000008a900000, 0x00000000d7200000)
  object space 84992K, 50% used [0x0000000085600000,0x0000000088012350,0x000000008a900000)
 Metaspace       used 11955K, capacity 12126K, committed 12160K, reserved 1060864K
  class space    used 1300K, capacity 1385K, committed 1408K, reserved 1048576K
Event: 2.293 GC heap after
Heap after GC invocations=5 (full 0):
 PSYoungGen      total 132096K, used 5088K [0x00000000d7200000, 0x00000000ea000000, 0x0000000100000000)
  eden space 126976K, 0% used [0x00000000d7200000,0x00000000d7200000,0x00000000dee00000)
  from space 5120K, 99% used [0x00000000dee00000,0x00000000df2f8020,0x00000000df300000)
  to   space 27648K, 0% used [0x00000000e8500000,0x00000000e8500000,0x00000000ea000000)
 ParOldGen       total 84992K, used 46527K [0x0000000085600000, 0x000000008a900000, 0x00000000d7200000)
  object space 84992K, 54% used [0x0000000085600000,0x000000008836ff70,0x000000008a900000)
 Metaspace       used 11955K, capacity 12126K, committed 12160K, reserved 1060864K
  class space    used 1300K, capacity 1385K, committed 1408K, reserved 1048576K
}
Event: 2.706 GC heap before
{Heap before GC invocations=6 (full 0):
 PSYoungGen      total 132096K, used 132064K [0x00000000d7200000, 0x00000000ea000000, 0x0000000100000000)
  eden space 126976K, 100% used [0x00000000d7200000,0x00000000dee00000,0x00000000dee00000)
  from space 5120K, 99% used [0x00000000dee00000,0x00000000df2f8020,0x00000000df300000)
  to   space 27648K, 0% used [0x00000000e8500000,0x00000000e8500000,0x00000000ea000000)
 ParOldGen       total 84992K, used 46527K [0x0000000085600000, 0x000000008a900000, 0x00000000d7200000)
  object space 84992K, 54% used [0x0000000085600000,0x000000008836ff70,0x000000008a900000)
 Metaspace       used 12950K, capacity 13182K, committed 13440K, reserved 1060864K
  class space    used 1469K, capacity 1545K, committed 1664K, reserved 1048576K
Event: 2.757 GC heap after
Heap after GC invocations=6 (full 0):
 PSYoungGen      total 280576K, used 7797K [0x00000000d7200000, 0x00000000e9f00000, 0x0000000100000000)
  eden space 253952K, 0% used [0x00000000d7200000,0x00000000d7200000,0x00000000e6a00000)
  from space 26624K, 29% used [0x00000000e8500000,0x00000000e8c9d528,0x00000000e9f00000)
  to   space 27136K, 0% used [0x00000000e6a00000,0x00000000e6a00000,0x00000000e8480000)
 ParOldGen       total 84992K, used 46535K [0x0000000085600000, 0x000000008a900000, 0x00000000d7200000)
  object space 84992K, 54% used [0x0000000085600000,0x0000000088371f70,0x000000008a900000)
 Metaspace       used 12950K, capacity 13182K, committed 13440K, reserved 1060864K
  class space    used 1469K, capacity 1545K, committed 1664K, reserved 1048576K
}
Event: 862.274 GC heap before
{Heap before GC invocations=7 (full 0):
 PSYoungGen      total 280576K, used 261749K [0x00000000d7200000, 0x00000000e9f00000, 0x0000000100000000)
  eden space 253952K, 100% used [0x00000000d7200000,0x00000000e6a00000,0x00000000e6a00000)
  from space 26624K, 29% used [0x00000000e8500000,0x00000000e8c9d528,0x00000000e9f00000)
  to   space 27136K, 0% used [0x00000000e6a00000,0x00000000e6a00000,0x00000000e8480000)
 ParOldGen       total 84992K, used 46535K [0x0000000085600000, 0x000000008a900000, 0x00000000d7200000)
  object space 84992K, 54% used [0x0000000085600000,0x0000000088371f70,0x000000008a900000)
 Metaspace       used 13138K, capacity 13310K, committed 13440K, reserved 1060864K
  class space    used 1474K, capacity 1545K, committed 1664K, reserved 1048576K

