# JRE version: OpenJDK Runtime Environment (8.0_111-b14) (build 1.8.0_111-8u111-b14-3~14.04-b14)
# Java VM: OpenJDK 64-Bit Server VM (25.111-b14 mixed mode linux-amd64 compressed oops)
Heap:
 PSYoungGen      total 281088K, used 8864K [0x00000000d7200000, 0x00000000e9f00000, 0x0000000100000000)
  eden space 253952K, 0% used [0x00000000d7200000,0x00000000d7200000,0x00000000e6a00000)
  from space 27136K, 32% used [0x00000000e6a00000,0x00000000e72a8040,0x00000000e8480000)
  to   space 27136K, 0% used [0x00000000e8480000,0x00000000e8480000,0x00000000e9f00000)
 ParOldGen       total 84992K, used 46728K [0x0000000085600000, 0x000000008a900000, 0x00000000d7200000)
  object space 84992K, 54% used [0x0000000085600000,0x00000000883a2140,0x000000008a900000)
 Metaspace       used 13086K, capacity 13310K, committed 13440K, reserved 1060864K
  class space    used 1467K, capacity 1545K, committed 1664K, reserved 1048576K
GC Heap History (10 events):
Event: 0.837 GC heap after
Heap after GC invocations=2 (full 0):
 PSYoungGen      total 68608K, used 5110K [0x00000000d7200000, 0x00000000dba00000, 0x0000000100000000)
  eden space 63488K, 0% used [0x00000000d7200000,0x00000000d7200000,0x00000000db000000)
  from space 5120K, 99% used [0x00000000db500000,0x00000000db9fdad0,0x00000000dba00000)
  to   space 5120K, 0% used [0x00000000db000000,0x00000000db000000,0x00000000db500000)
 ParOldGen       total 84992K, used 12705K [0x0000000085600000, 0x000000008a900000, 0x00000000d7200000)
  object space 84992K, 14% used [0x0000000085600000,0x0000000086268470,0x000000008a900000)
 Metaspace       used 8787K, capacity 9054K, committed 9216K, reserved 1056768K
  class space    used 908K, capacity 1001K, committed 1024K, reserved 1048576K
}
Event: 1.299 GC heap before
{Heap before GC invocations=3 (full 0):
 PSYoungGen      total 68608K, used 68598K [0x00000000d7200000, 0x00000000dba00000, 0x0000000100000000)
  eden space 63488K, 100% used [0x00000000d7200000,0x00000000db000000,0x00000000db000000)
  from space 5120K, 99% used [0x00000000db500000,0x00000000db9fdad0,0x00000000dba00000)
  to   space 5120K, 0% used [0x00000000db000000,0x00000000db000000,0x00000000db500000)
 ParOldGen       total 84992K, used 12705K [0x0000000085600000, 0x000000008a900000, 0x00000000d7200000)
  object space 84992K, 14% used [0x0000000085600000,0x0000000086268470,0x000000008a900000)
 Metaspace       used 8924K, capacity 9118K, committed 9216K, reserved 1056768K
  class space    used 912K, capacity 1001K, committed 1024K, reserved 1048576K
Event: 1.385 GC heap after
Heap after GC invocations=3 (full 0):
 PSYoungGen      total 68608K, used 5110K [0x00000000d7200000, 0x00000000df800000, 0x0000000100000000)
  eden space 63488K, 0% used [0x00000000d7200000,0x00000000d7200000,0x00000000db000000)
  from space 5120K, 99% used [0x00000000db000000,0x00000000db4fdac0,0x00000000db500000)
  to   space 5120K, 0% used [0x00000000df300000,0x00000000df300000,0x00000000df800000)
 ParOldGen       total 84992K, used 34373K [0x0000000085600000, 0x000000008a900000, 0x00000000d7200000)
  object space 84992K, 40% used [0x0000000085600000,0x0000000087791510,0x000000008a900000)
 Metaspace       used 8924K, capacity 9118K, committed 9216K, reserved 1056768K
  class space    used 912K, capacity 1001K, committed 1024K, reserved 1048576K
}
Event: 2.164 GC heap before
{Heap before GC invocations=4 (full 0):
 PSYoungGen      total 68608K, used 68598K [0x00000000d7200000, 0x00000000df800000, 0x0000000100000000)
  eden space 63488K, 100% used [0x00000000d7200000,0x00000000db000000,0x00000000db000000)
  from space 5120K, 99% used [0x00000000db000000,0x00000000db4fdac0,0x00000000db500000)
  to   space 5120K, 0% used [0x00000000df300000,0x00000000df300000,0x00000000df800000)
 ParOldGen       total 84992K, used 34373K [0x0000000085600000, 0x000000008a900000, 0x00000000d7200000)
  object space 84992K, 40% used [0x0000000085600000,0x0000000087791510,0x000000008a900000)
 Metaspace       used 11822K, capacity 12062K, committed 12160K, reserved 1060864K
  class space    used 1294K, capacity 1385K, committed 1408K, reserved 1048576K
Event: 2.200 GC heap after
Heap after GC invocations=4 (full 0):
 PSYoungGen      total 132096K, used 5088K [0x00000000d7200000, 0x00000000df800000, 0x0000000100000000)
  eden space 126976K, 0% used [0x00000000d7200000,0x00000000d7200000,0x00000000dee00000)
  from space 5120K, 99% used [0x00000000df300000,0x00000000df7f8020,0x00000000df800000)
  to   space 5120K, 0% used [0x00000000dee00000,0x00000000dee00000,0x00000000df300000)
 ParOldGen       total 84992K, used 42653K [0x0000000085600000, 0x000000008a900000, 0x00000000d7200000)
  object space 84992K, 50% used [0x0000000085600000,0x0000000087fa74d0,0x000000008a900000)
 Metaspace       used 11822K, capacity 12062K, committed 12160K, reserved 1060864K
  class space    used 1294K, capacity 1385K, committed 1408K, reserved 1048576K
}
Event: 2.599 GC heap before
{Heap before GC invocations=5 (full 0):
 PSYoungGen      total 132096K, used 132064K [0x00000000d7200000, 0x00000000df800000, 0x0000000100000000)
  eden space 126976K, 100% used [0x00000000d7200000,0x00000000dee00000,0x00000000dee00000)
  from space 5120K, 99% used [0x00000000df300000,0x00000000df7f8020,0x00000000df800000)
  to   space 5120K, 0% used [0x00000000dee00000,0x00000000dee00000,0x00000000df300000)
 ParOldGen       total 84992K, used 42653K [0x0000000085600000, 0x000000008a900000, 0x00000000d7200000)
  object space 84992K, 50% used [0x0000000085600000,0x0000000087fa74d0,0x000000008a900000)
 Metaspace       used 11925K, capacity 12126K, committed 12160K, reserved 1060864K
  class space    used 1298K, capacity 1385K, committed 1408K, reserved 1048576K
Event: 2.616 GC heap after
Heap after GC invocations=5 (full 0):
 PSYoungGen      total 132096K, used 5088K [0x00000000d7200000, 0x00000000e9f00000, 0x0000000100000000)
  eden space 126976K, 0% used [0x00000000d7200000,0x00000000d7200000,0x00000000dee00000)
  from space 5120K, 99% used [0x00000000dee00000,0x00000000df2f8020,0x00000000df300000)
  to   space 27136K, 0% used [0x00000000e8480000,0x00000000e8480000,0x00000000e9f00000)
 ParOldGen       total 84992K, used 46120K [0x0000000085600000, 0x000000008a900000, 0x00000000d7200000)
  object space 84992K, 54% used [0x0000000085600000,0x000000008830a140,0x000000008a900000)
 Metaspace       used 11925K, capacity 12126K, committed 12160K, reserved 1060864K
  class space    used 1298K, capacity 1385K, committed 1408K, reserved 1048576K
}
Event: 3.062 GC heap before
{Heap before GC invocations=6 (full 0):
 PSYoungGen      total 132096K, used 132064K [0x00000000d7200000, 0x00000000e9f00000, 0x0000000100000000)
  eden space 126976K, 100% used [0x00000000d7200000,0x00000000dee00000,0x00000000dee00000)
  from space 5120K, 99% used [0x00000000dee00000,0x00000000df2f8020,0x00000000df300000)
  to   space 27136K, 0% used [0x00000000e8480000,0x00000000e8480000,0x00000000e9f00000)
 ParOldGen       total 84992K, used 46120K [0x0000000085600000, 0x000000008a900000, 0x00000000d7200000)
  object space 84992K, 54% used [0x0000000085600000,0x000000008830a140,0x000000008a900000)
 Metaspace       used 12970K, capacity 13182K, committed 13440K, reserved 1060864K
  class space    used 1466K, capacity 1545K, committed 1664K, reserved 1048576K
Event: 3.110 GC heap after
Heap after GC invocations=6 (full 0):
 PSYoungGen      total 281088K, used 7365K [0x00000000d7200000, 0x00000000e9f00000, 0x0000000100000000)
  eden space 253952K, 0% used [0x00000000d7200000,0x00000000d7200000,0x00000000e6a00000)
  from space 27136K, 27% used [0x00000000e8480000,0x00000000e8bb1518,0x00000000e9f00000)
  to   space 27136K, 0% used [0x00000000e6a00000,0x00000000e6a00000,0x00000000e8480000)
 ParOldGen       total 84992K, used 46128K [0x0000000085600000, 0x000000008a900000, 0x00000000d7200000)
  object space 84992K, 54% used [0x0000000085600000,0x000000008830c140,0x000000008a900000)
 Metaspace       used 12970K, capacity 13182K, committed 13440K, reserved 1060864K
  class space    used 1466K, capacity 1545K, committed 1664K, reserved 1048576K
}
Event: 3.732 GC heap before
{Heap before GC invocations=7 (full 0):
 PSYoungGen      total 281088K, used 261317K [0x00000000d7200000, 0x00000000e9f00000, 0x0000000100000000)
  eden space 253952K, 100% used [0x00000000d7200000,0x00000000e6a00000,0x00000000e6a00000)
  from space 27136K, 27% used [0x00000000e8480000,0x00000000e8bb1518,0x00000000e9f00000)
  to   space 27136K, 0% used [0x00000000e6a00000,0x00000000e6a00000,0x00000000e8480000)
 ParOldGen       total 84992K, used 46128K [0x0000000085600000, 0x000000008a900000, 0x00000000d7200000)
  object space 84992K, 54% used [0x0000000085600000,0x000000008830c140,0x000000008a900000)
 Metaspace       used 13086K, capacity 13310K, committed 13440K, reserved 1060864K
  class space    used 1467K, capacity 1545K, committed 1664K, reserved 1048576K

